<?xml version="1.0" encoding="UTF-8"?>
<robot generator="Robot 4.1.2 (Python 3.10.0 on win32)" generated="20211019 20:45:57.083" rpa="false" schemaversion="2">
<suite id="s1" name="2 Argumentos" source="W:\PrimeControl\prime_experts_jcast\2_argumentos\2_argumentos.robot">
<test id="s1-t1" name="Argumentos embutidos">
<kw name="Juntar argumentos embutidos 'julio' 'castro' '29'" library="resource" sourcename="Juntar argumentos embutidos ${nome} ${sobrenome} ${idade}">
<var>${RESULTADO}</var>
<kw name="Evaluate" library="BuiltIn">
<var>${EMAIL}</var>
<arg>${nome}+'_'+${sobrenome}+'_'+${idade}+'@robot.com'</arg>
<doc>Evaluates the given expression in Python and returns the result.</doc>
<msg timestamp="20211019 20:45:57.112" level="INFO">${EMAIL} = julio_castro_29@robot.com</msg>
<status status="PASS" starttime="20211019 20:45:57.111" endtime="20211019 20:45:57.112"/>
</kw>
<msg timestamp="20211019 20:45:57.112" level="INFO">${RESULTADO} = julio_castro_29@robot.com</msg>
<status status="PASS" starttime="20211019 20:45:57.111" endtime="20211019 20:45:57.112"/>
</kw>
<kw name="Log To Console" library="BuiltIn">
<arg>${RESULTADO}</arg>
<doc>Logs the given message to the console.</doc>
<status status="PASS" starttime="20211019 20:45:57.112" endtime="20211019 20:45:57.112"/>
</kw>
<status status="PASS" starttime="20211019 20:45:57.111" endtime="20211019 20:45:57.113"/>
</test>
<test id="s1-t2" name="Argumentos internos">
<kw name="Juntar argumentos internos" library="resource">
<var>${RESULTADO}</var>
<arg>'julio'</arg>
<arg>'castro'</arg>
<arg>'29'</arg>
<kw name="Evaluate" library="BuiltIn">
<var>${EMAIL}</var>
<arg>${nome}+'_'+${sobrenome}+'_'+${idade}+'@robot.com'</arg>
<doc>Evaluates the given expression in Python and returns the result.</doc>
<msg timestamp="20211019 20:45:57.114" level="INFO">${EMAIL} = julio_castro_29@robot.com</msg>
<status status="PASS" starttime="20211019 20:45:57.114" endtime="20211019 20:45:57.114"/>
</kw>
<msg timestamp="20211019 20:45:57.114" level="INFO">${RESULTADO} = julio_castro_29@robot.com</msg>
<status status="PASS" starttime="20211019 20:45:57.114" endtime="20211019 20:45:57.114"/>
</kw>
<kw name="Log To Console" library="BuiltIn">
<arg>${RESULTADO}</arg>
<doc>Logs the given message to the console.</doc>
<status status="PASS" starttime="20211019 20:45:57.114" endtime="20211019 20:45:57.115"/>
</kw>
<status status="PASS" starttime="20211019 20:45:57.113" endtime="20211019 20:45:57.115"/>
</test>
<doc>Exercicio de Argumentos utilizando arquivo resource externo</doc>
<status status="PASS" starttime="20211019 20:45:57.084" endtime="20211019 20:45:57.116"/>
</suite>
<statistics>
<total>
<stat pass="2" fail="0" skip="0">All Tests</stat>
</total>
<tag>
</tag>
<suite>
<stat pass="2" fail="0" skip="0" id="s1" name="2 Argumentos">2 Argumentos</stat>
</suite>
</statistics>
<errors>
</errors>
</robot>
