<?xml version="1.0" encoding="UTF-8"?>
<robot generator="Robot 4.1.2 (Python 3.10.0 on win32)" generated="20211019 19:52:10.297" rpa="false" schemaversion="2">
<suite id="s1" name="Test 18102021" source="W:\PrimeControl\prime_experts_jcast\console_tests\test_18102021.robot">
<test id="s1-t1" name="TestCase1">
<kw name="Test1">
<kw name="Log To Console" library="BuiltIn">
<arg>\nNome: ${PESSOA.nome}\n</arg>
<doc>Logs the given message to the console.</doc>
<status status="PASS" starttime="20211019 19:52:10.321" endtime="20211019 19:52:10.322"/>
</kw>
<kw name="Log To Console" library="BuiltIn">
<arg>Sobrenome: ${PESSOA.sobrenome}\n</arg>
<doc>Logs the given message to the console.</doc>
<status status="PASS" starttime="20211019 19:52:10.322" endtime="20211019 19:52:10.323"/>
</kw>
<kw name="Log To Console" library="BuiltIn">
<arg>Nacionalidade: ${PESSOA.nacionalidade}\n</arg>
<doc>Logs the given message to the console.</doc>
<status status="PASS" starttime="20211019 19:52:10.323" endtime="20211019 19:52:10.324"/>
</kw>
<kw name="Log To Console" library="BuiltIn">
<arg>Telefone: ${PESSOA.telefone}\n</arg>
<doc>Logs the given message to the console.</doc>
<status status="PASS" starttime="20211019 19:52:10.324" endtime="20211019 19:52:10.325"/>
</kw>
<kw name="Log To Console" library="BuiltIn">
<arg>Cidade ${PESSOA.cidade}\n</arg>
<doc>Logs the given message to the console.</doc>
<status status="PASS" starttime="20211019 19:52:10.325" endtime="20211019 19:52:10.326"/>
</kw>
<kw name="Log To Console" library="BuiltIn">
<arg>${PESSOA.estado}\n\n\n</arg>
<doc>Logs the given message to the console.</doc>
<status status="PASS" starttime="20211019 19:52:10.326" endtime="20211019 19:52:10.327"/>
</kw>
<status status="PASS" starttime="20211019 19:52:10.320" endtime="20211019 19:52:10.327"/>
</kw>
<status status="PASS" starttime="20211019 19:52:10.320" endtime="20211019 19:52:10.328"/>
</test>
<test id="s1-t2" name="TestCase2">
<kw name="Test2">
<kw name="Log To Console" library="BuiltIn">
<arg>\nLista de frutas ${FRUTAS[0]}, ${FRUTAS[1]}, ${FRUTAS[2]}, ${FRUTAS[3]} e ${FRUTAS[4]}</arg>
<doc>Logs the given message to the console.</doc>
<status status="PASS" starttime="20211019 19:52:10.330" endtime="20211019 19:52:10.332"/>
</kw>
<status status="PASS" starttime="20211019 19:52:10.329" endtime="20211019 19:52:10.332"/>
</kw>
<status status="PASS" starttime="20211019 19:52:10.329" endtime="20211019 19:52:10.332"/>
</test>
<status status="PASS" starttime="20211019 19:52:10.299" endtime="20211019 19:52:10.334"/>
</suite>
<statistics>
<total>
<stat pass="2" fail="0" skip="0">All Tests</stat>
</total>
<tag>
</tag>
<suite>
<stat pass="2" fail="0" skip="0" id="s1" name="Test 18102021">Test 18102021</stat>
</suite>
</statistics>
<errors>
</errors>
</robot>
