<?xml version="1.0" encoding="UTF-8"?>
<robot generator="Robot 4.1.2 (Python 3.10.0 on win32)" generated="20211022 22:21:50.308" rpa="false" schemaversion="2">
<suite id="s1" name="10 Api" source="W:\PrimeControl\prime_experts_jcast\10_api\10_api.robot">
<test id="s1-t1" name="TestCase1">
<kw name="Conecta ao WebService" library="resource">
<kw name="Create Session" library="RequestsLibrary">
<arg>${URL}</arg>
<doc>Create Session: create a HTTP session to a server</doc>
<msg timestamp="20211022 22:21:50.443" level="FAIL">Keyword 'RequestsLibrary.Create Session' expected 2 to 14 arguments, got 1.</msg>
<status status="FAIL" starttime="20211022 22:21:50.442" endtime="20211022 22:21:50.443"/>
</kw>
<status status="FAIL" starttime="20211022 22:21:50.442" endtime="20211022 22:21:50.443"/>
</kw>
<status status="FAIL" starttime="20211022 22:21:50.441" endtime="20211022 22:21:50.443">Keyword 'RequestsLibrary.Create Session' expected 2 to 14 arguments, got 1.</status>
</test>
<status status="FAIL" starttime="20211022 22:21:50.309" endtime="20211022 22:21:50.446"/>
</suite>
<statistics>
<total>
<stat pass="0" fail="1" skip="0">All Tests</stat>
</total>
<tag>
</tag>
<suite>
<stat pass="0" fail="1" skip="0" id="s1" name="10 Api">10 Api</stat>
</suite>
</statistics>
<errors>
</errors>
</robot>
